{"F:\\mocoolka\\mocoolka-setting\\lib\\mocoolka-setting.js":{"path":"F:\\mocoolka\\mocoolka-setting\\lib\\mocoolka-setting.js","s":{"1":1,"2":1,"3":5,"4":5,"5":5,"6":4,"7":4,"8":4,"9":4,"10":4,"11":1,"12":1,"13":5,"14":5,"15":5,"16":4,"17":4,"18":4,"19":4,"20":4,"21":3,"22":2,"23":1,"24":1,"25":1,"26":1,"27":4,"28":1,"29":1,"30":3,"31":3,"32":3,"33":3,"34":3,"35":3,"36":3,"37":3,"38":3,"39":3,"40":3,"41":0,"42":0,"43":4,"44":0,"45":3,"46":3,"47":3,"48":0,"49":0,"50":1,"51":1,"52":1,"53":1,"54":0,"55":1,"56":5,"57":4,"58":1,"59":3,"60":1,"61":1,"62":1},"b":{"1":[3,1],"2":[2,1],"3":[1,1],"4":[3,3],"5":[3,0],"6":[0,0],"7":[4,1],"8":[1,3],"9":[4,4]},"f":{"1":5,"2":5,"3":3,"4":0,"5":4,"6":1},"fnMap":{"1":{"name":"(anonymous_1)","line":26,"loc":{"start":{"line":26,"column":14},"end":{"line":26,"column":41}}},"2":{"name":"(anonymous_2)","line":60,"loc":{"start":{"line":60,"column":14},"end":{"line":60,"column":41}}},"3":{"name":"(anonymous_3)","line":104,"loc":{"start":{"line":104,"column":14},"end":{"line":104,"column":41}}},"4":{"name":"(anonymous_4)","line":121,"loc":{"start":{"line":121,"column":48},"end":{"line":121,"column":80}}},"5":{"name":"(anonymous_5)","line":126,"loc":{"start":{"line":126,"column":18},"end":{"line":126,"column":34}}},"6":{"name":"(anonymous_6)","line":163,"loc":{"start":{"line":163,"column":14},"end":{"line":163,"column":41}}}},"statementMap":{"1":{"start":{"line":7,"column":0},"end":{"line":8,"column":30}},"2":{"start":{"line":25,"column":0},"end":{"line":43,"column":2}},"3":{"start":{"line":26,"column":2},"end":{"line":42,"column":4}},"4":{"start":{"line":27,"column":4},"end":{"line":40,"column":5}},"5":{"start":{"line":28,"column":6},"end":{"line":29,"column":73}},"6":{"start":{"line":31,"column":6},"end":{"line":31,"column":40}},"7":{"start":{"line":32,"column":6},"end":{"line":32,"column":60}},"8":{"start":{"line":33,"column":6},"end":{"line":34,"column":70}},"9":{"start":{"line":35,"column":6},"end":{"line":35,"column":59}},"10":{"start":{"line":36,"column":6},"end":{"line":36,"column":41}},"11":{"start":{"line":39,"column":6},"end":{"line":39,"column":20}},"12":{"start":{"line":59,"column":0},"end":{"line":89,"column":2}},"13":{"start":{"line":60,"column":2},"end":{"line":88,"column":4}},"14":{"start":{"line":61,"column":4},"end":{"line":87,"column":5}},"15":{"start":{"line":63,"column":6},"end":{"line":63,"column":100}},"16":{"start":{"line":65,"column":6},"end":{"line":65,"column":17}},"17":{"start":{"line":66,"column":6},"end":{"line":66,"column":40}},"18":{"start":{"line":67,"column":6},"end":{"line":67,"column":36}},"19":{"start":{"line":68,"column":6},"end":{"line":68,"column":64}},"20":{"start":{"line":69,"column":6},"end":{"line":81,"column":7}},"21":{"start":{"line":70,"column":8},"end":{"line":78,"column":9}},"22":{"start":{"line":71,"column":10},"end":{"line":75,"column":11}},"23":{"start":{"line":72,"column":12},"end":{"line":72,"column":45}},"24":{"start":{"line":74,"column":12},"end":{"line":74,"column":26}},"25":{"start":{"line":77,"column":10},"end":{"line":77,"column":33}},"26":{"start":{"line":80,"column":8},"end":{"line":80,"column":22}},"27":{"start":{"line":83,"column":6},"end":{"line":83,"column":34}},"28":{"start":{"line":86,"column":6},"end":{"line":86,"column":17}},"29":{"start":{"line":103,"column":0},"end":{"line":149,"column":2}},"30":{"start":{"line":104,"column":2},"end":{"line":148,"column":4}},"31":{"start":{"line":105,"column":4},"end":{"line":147,"column":5}},"32":{"start":{"line":106,"column":6},"end":{"line":106,"column":54}},"33":{"start":{"line":108,"column":6},"end":{"line":111,"column":9}},"34":{"start":{"line":113,"column":6},"end":{"line":113,"column":40}},"35":{"start":{"line":115,"column":6},"end":{"line":115,"column":45}},"36":{"start":{"line":117,"column":6},"end":{"line":117,"column":49}},"37":{"start":{"line":118,"column":6},"end":{"line":118,"column":85}},"38":{"start":{"line":119,"column":6},"end":{"line":133,"column":7}},"39":{"start":{"line":120,"column":8},"end":{"line":120,"column":71}},"40":{"start":{"line":121,"column":8},"end":{"line":130,"column":11}},"41":{"start":{"line":122,"column":10},"end":{"line":123,"column":75}},"42":{"start":{"line":123,"column":12},"end":{"line":123,"column":75}},"43":{"start":{"line":128,"column":12},"end":{"line":128,"column":85}},"44":{"start":{"line":132,"column":8},"end":{"line":132,"column":39}},"45":{"start":{"line":135,"column":6},"end":{"line":143,"column":9}},"46":{"start":{"line":139,"column":8},"end":{"line":139,"column":45}},"47":{"start":{"line":140,"column":8},"end":{"line":140,"column":18}},"48":{"start":{"line":142,"column":8},"end":{"line":142,"column":22}},"49":{"start":{"line":146,"column":6},"end":{"line":146,"column":20}},"50":{"start":{"line":162,"column":0},"end":{"line":172,"column":2}},"51":{"start":{"line":163,"column":2},"end":{"line":170,"column":4}},"52":{"start":{"line":164,"column":4},"end":{"line":169,"column":5}},"53":{"start":{"line":165,"column":6},"end":{"line":165,"column":44}},"54":{"start":{"line":168,"column":6},"end":{"line":168,"column":20}},"55":{"start":{"line":180,"column":0},"end":{"line":189,"column":2}},"56":{"start":{"line":181,"column":2},"end":{"line":186,"column":3}},"57":{"start":{"line":182,"column":4},"end":{"line":185,"column":18}},"58":{"start":{"line":183,"column":6},"end":{"line":183,"column":51}},"59":{"start":{"line":185,"column":6},"end":{"line":185,"column":18}},"60":{"start":{"line":188,"column":2},"end":{"line":188,"column":35}},"61":{"start":{"line":191,"column":0},"end":{"line":237,"column":2}},"62":{"start":{"line":239,"column":0},"end":{"line":239,"column":32}}},"branchMap":{"1":{"line":69,"type":"if","locations":[{"start":{"line":69,"column":6},"end":{"line":69,"column":6}},{"start":{"line":69,"column":6},"end":{"line":69,"column":6}}]},"2":{"line":70,"type":"if","locations":[{"start":{"line":70,"column":8},"end":{"line":70,"column":8}},{"start":{"line":70,"column":8},"end":{"line":70,"column":8}}]},"3":{"line":71,"type":"if","locations":[{"start":{"line":71,"column":10},"end":{"line":71,"column":10}},{"start":{"line":71,"column":10},"end":{"line":71,"column":10}}]},"4":{"line":106,"type":"binary-expr","locations":[{"start":{"line":106,"column":16},"end":{"line":106,"column":42}},{"start":{"line":106,"column":46},"end":{"line":106,"column":53}}]},"5":{"line":119,"type":"if","locations":[{"start":{"line":119,"column":6},"end":{"line":119,"column":6}},{"start":{"line":119,"column":6},"end":{"line":119,"column":6}}]},"6":{"line":122,"type":"if","locations":[{"start":{"line":122,"column":10},"end":{"line":122,"column":10}},{"start":{"line":122,"column":10},"end":{"line":122,"column":10}}]},"7":{"line":181,"type":"if","locations":[{"start":{"line":181,"column":2},"end":{"line":181,"column":2}},{"start":{"line":181,"column":2},"end":{"line":181,"column":2}}]},"8":{"line":182,"type":"if","locations":[{"start":{"line":182,"column":4},"end":{"line":182,"column":4}},{"start":{"line":182,"column":4},"end":{"line":182,"column":4}}]},"9":{"line":182,"type":"binary-expr","locations":[{"start":{"line":182,"column":8},"end":{"line":182,"column":33}},{"start":{"line":182,"column":37},"end":{"line":182,"column":74}}]}}}}