TN:
SF:F:\mocoolka\mocoolka-setting\lib\setting.js
FN:26,(anonymous_0)
FN:27,(anonymous_1)
FN:58,(anonymous_2)
FN:59,(anonymous_3)
FN:96,(anonymous_4)
FN:97,(anonymous_5)
FN:110,(anonymous_6)
FN:117,(anonymous_7)
FN:128,(anonymous_8)
FN:132,(anonymous_9)
FN:143,(anonymous_10)
FN:153,(anonymous_11)
FN:154,(anonymous_12)
FN:170,(anonymous_13)
FNF:14
FNH:12
FNDA:5,(anonymous_0)
FNDA:5,(anonymous_1)
FNDA:5,(anonymous_2)
FNDA:5,(anonymous_3)
FNDA:3,(anonymous_4)
FNDA:3,(anonymous_5)
FNDA:0,(anonymous_6)
FNDA:2,(anonymous_7)
FNDA:3,(anonymous_8)
FNDA:0,(anonymous_9)
FNDA:7,(anonymous_10)
FNDA:1,(anonymous_11)
FNDA:1,(anonymous_12)
FNDA:1,(anonymous_13)
DA:6,1
DA:7,1
DA:8,1
DA:27,5
DA:28,5
DA:29,5
DA:32,4
DA:33,4
DA:34,4
DA:35,4
DA:36,4
DA:37,4
DA:38,0
DA:39,4
DA:42,1
DA:59,5
DA:60,5
DA:62,5
DA:65,4
DA:66,4
DA:67,4
DA:68,4
DA:69,3
DA:70,2
DA:71,1
DA:73,1
DA:76,1
DA:79,1
DA:82,4
DA:85,1
DA:97,3
DA:98,3
DA:99,3
DA:103,3
DA:104,3
DA:106,3
DA:107,3
DA:108,3
DA:109,3
DA:110,3
DA:111,0
DA:112,0
DA:113,0
DA:118,2
DA:122,0
DA:125,3
DA:130,3
DA:131,3
DA:133,0
DA:135,3
DA:138,0
DA:144,7
DA:154,1
DA:155,1
DA:156,1
DA:159,0
DA:171,1
DA:172,0
DA:173,0
DA:175,0
DA:178,1
DA:181,1
DA:218,1
DA:219,1
DA:221,1
LF:65
LH:54
BRDA:33,0,0,4
BRDA:33,0,1,0
BRDA:37,1,0,0
BRDA:37,1,1,4
BRDA:68,2,0,3
BRDA:68,2,1,1
BRDA:69,3,0,2
BRDA:69,3,1,1
BRDA:70,4,0,1
BRDA:70,4,1,1
BRDA:108,5,0,3
BRDA:108,5,1,0
BRDA:111,6,0,0
BRDA:111,6,1,0
BRDA:171,7,0,0
BRDA:171,7,1,1
BRDA:172,8,0,0
BRDA:172,8,1,0
BRDA:172,9,0,0
BRDA:172,9,1,0
BRF:20
BRH:10
end_of_record
