TN:
SF:F:\mocoolka\mocoolka-setting\lib\mocoolka-setting.js
FN:24,(anonymous_0)
FN:25,(anonymous_1)
FN:58,(anonymous_2)
FN:59,(anonymous_3)
FN:103,(anonymous_4)
FN:104,(anonymous_5)
FN:121,(anonymous_6)
FN:126,(anonymous_7)
FN:138,(anonymous_8)
FN:141,(anonymous_9)
FN:162,(anonymous_10)
FN:163,(anonymous_11)
FN:180,(anonymous_12)
FNF:13
FNH:11
FNDA:5,(anonymous_0)
FNDA:5,(anonymous_1)
FNDA:5,(anonymous_2)
FNDA:5,(anonymous_3)
FNDA:3,(anonymous_4)
FNDA:3,(anonymous_5)
FNDA:0,(anonymous_6)
FNDA:4,(anonymous_7)
FNDA:3,(anonymous_8)
FNDA:0,(anonymous_9)
FNDA:1,(anonymous_10)
FNDA:1,(anonymous_11)
FNDA:5,(anonymous_12)
DA:7,1
DA:24,1
DA:25,5
DA:26,5
DA:27,5
DA:29,4
DA:30,4
DA:31,4
DA:32,4
DA:33,4
DA:36,1
DA:58,1
DA:59,5
DA:60,5
DA:62,5
DA:65,4
DA:66,4
DA:67,4
DA:68,4
DA:69,3
DA:70,2
DA:71,1
DA:73,1
DA:77,1
DA:80,1
DA:83,4
DA:86,1
DA:103,1
DA:104,3
DA:105,3
DA:106,3
DA:108,3
DA:113,3
DA:115,3
DA:117,3
DA:118,3
DA:119,3
DA:120,3
DA:121,3
DA:122,0
DA:123,0
DA:128,4
DA:132,0
DA:135,3
DA:139,3
DA:140,3
DA:142,0
DA:146,0
DA:162,1
DA:163,1
DA:164,1
DA:165,1
DA:168,0
DA:180,1
DA:181,5
DA:182,4
DA:183,1
DA:185,3
DA:188,1
DA:191,1
DA:239,1
LF:61
LH:55
BRDA:68,0,0,3
BRDA:68,0,1,1
BRDA:69,1,0,2
BRDA:69,1,1,1
BRDA:70,2,0,1
BRDA:70,2,1,1
BRDA:106,3,0,3
BRDA:106,3,1,3
BRDA:119,4,0,3
BRDA:119,4,1,0
BRDA:122,5,0,0
BRDA:122,5,1,0
BRDA:181,6,0,4
BRDA:181,6,1,1
BRDA:182,7,0,1
BRDA:182,7,1,3
BRDA:182,8,0,4
BRDA:182,8,1,4
BRF:18
BRH:15
end_of_record
